<assembly>
  <id>implicitcloning-portlet</id>
  <formats>
    <format>war</format>
  </formats>
  <includeBaseDirectory>false</includeBaseDirectory>

  <fileSets>
    <!-- Test Classes -->
    <fileSet>
      <directory>target/test-classes</directory>
      <outputDirectory>WEB-INF/classes</outputDirectory>
      <includes>
        <include>org/gatein/wsrp/portlet/ImplicitCloningPortlet.class</include>
      </includes>
    </fileSet>
    <!-- Fileset for the sar strucuture -->
    <fileSet>
      <directory>src/test/test-portlets/test-implicitcloning-portlet-war</directory>
      <outputDirectory></outputDirectory>
    </fileSet>
  </fileSets>

</assembly>

