<assembly>
  <id>session-portlet</id>
  <formats>
    <format>war</format>
  </formats>
  <includeBaseDirectory>false</includeBaseDirectory>

  <fileSets>
    <!-- Test Classes -->
    <!-- TODO: we probably shouldn't be using all of these classes here -->
    <fileSet>
      <directory>target/test-classes</directory>
      <outputDirectory></outputDirectory>
      <includes>
        <include>org/**MarkupPortlet.java</include>
      </includes>
    </fileSet>
    <!-- Fileset for the sar strucuture -->
    <fileSet>
      <directory>src/test/test-portlets/test-session-portlet-war</directory>
      <outputDirectory></outputDirectory>
    </fileSet>
  </fileSets>

</assembly>

